0 info it worked if it ends with ok
1 verbose cli [ '/usr/local/Cellar/node/7.3.0/bin/node',
1 verbose cli   '/usr/local/bin/npm',
1 verbose cli   'run',
1 verbose cli   'dev' ]
2 info using npm@3.10.10
3 info using node@v7.3.0
4 verbose run-script [ 'predev', 'dev', 'postdev' ]
5 info lifecycle complete-intro-to-react@3.0.0~predev: complete-intro-to-react@3.0.0
6 silly lifecycle complete-intro-to-react@3.0.0~predev: no script for predev, continuing
7 info lifecycle complete-intro-to-react@3.0.0~dev: complete-intro-to-react@3.0.0
8 verbose lifecycle complete-intro-to-react@3.0.0~dev: unsafe-perm in lifecycle true
9 verbose lifecycle complete-intro-to-react@3.0.0~dev: PATH: /usr/local/lib/node_modules/npm/bin/node-gyp-bin:/Users/JMHong/Documents/netflixlike_page/node_modules/.bin:/usr/local/Cellar/node/7.3.0/bin:/Users/JMHong/.rvm/gems/ruby-2.2.1/bin:/Users/JMHong/.rvm/gems/ruby-2.2.1@global/bin:/Users/JMHong/.rvm/rubies/ruby-2.2.1/bin:/Applications/Code/anaconda/bin:/Applications/Code/anaconda/bin:/Library/Frameworks/Python.framework/Versions/2.7/bin:/Library/Frameworks/Python.framework/Versions/2.7/bin:/usr/local/bin:/usr/bin:/bin:/usr/sbin:/sbin:/usr/local/git/bin:/Library/TeX/texbin:/Users/JMHong/.rvm/bin
10 verbose lifecycle complete-intro-to-react@3.0.0~dev: CWD: /Users/JMHong/Documents/netflixlike_page
11 silly lifecycle complete-intro-to-react@3.0.0~dev: Args: [ '-c', 'webpack-dev-server' ]
12 silly lifecycle complete-intro-to-react@3.0.0~dev: Returned: code: 1  signal: null
13 info lifecycle complete-intro-to-react@3.0.0~dev: Failed to exec dev script
14 verbose stack Error: complete-intro-to-react@3.0.0 dev: `webpack-dev-server`
14 verbose stack Exit status 1
14 verbose stack     at EventEmitter.<anonymous> (/usr/local/lib/node_modules/npm/lib/utils/lifecycle.js:255:16)
14 verbose stack     at emitTwo (events.js:106:13)
14 verbose stack     at EventEmitter.emit (events.js:191:7)
14 verbose stack     at ChildProcess.<anonymous> (/usr/local/lib/node_modules/npm/lib/utils/spawn.js:40:14)
14 verbose stack     at emitTwo (events.js:106:13)
14 verbose stack     at ChildProcess.emit (events.js:191:7)
14 verbose stack     at maybeClose (internal/child_process.js:885:16)
14 verbose stack     at Process.ChildProcess._handle.onexit (internal/child_process.js:226:5)
15 verbose pkgid complete-intro-to-react@3.0.0
16 verbose cwd /Users/JMHong/Documents/netflixlike_page
17 error Darwin 15.6.0
18 error argv "/usr/local/Cellar/node/7.3.0/bin/node" "/usr/local/bin/npm" "run" "dev"
19 error node v7.3.0
20 error npm  v3.10.10
21 error code ELIFECYCLE
22 error complete-intro-to-react@3.0.0 dev: `webpack-dev-server`
22 error Exit status 1
23 error Failed at the complete-intro-to-react@3.0.0 dev script 'webpack-dev-server'.
23 error Make sure you have the latest version of node.js and npm installed.
23 error If you do, this is most likely a problem with the complete-intro-to-react package,
23 error not with npm itself.
23 error Tell the author that this fails on your system:
23 error     webpack-dev-server
23 error You can get information on how to open an issue for this project with:
23 error     npm bugs complete-intro-to-react
23 error Or if that isn't available, you can get their info via:
23 error     npm owner ls complete-intro-to-react
23 error There is likely additional logging output above.
24 verbose exit [ 1, true ]
